2018-03-27 23:11:27,408 - org.apache.http.client.protocol.RequestAddCookies -DEBUG - CookieSpec selected: best-match
2018-03-27 23:11:27,420 - org.apache.http.client.protocol.RequestAuthCache -DEBUG - Auth cache not set in the context
2018-03-27 23:11:27,422 - org.apache.http.impl.conn.PoolingHttpClientConnectionManager -DEBUG - Connection request: [route: {}->http://localhost:19033][total kept alive: 0; route allocated: 0 of 2000; total allocated: 0 of 2000]
2018-03-27 23:11:27,439 - org.apache.http.impl.conn.PoolingHttpClientConnectionManager -DEBUG - Connection leased: [id: 0][route: {}->http://localhost:19033][total kept alive: 0; route allocated: 1 of 2000; total allocated: 1 of 2000]
2018-03-27 23:11:27,442 - org.apache.http.impl.execchain.MainClientExec -DEBUG - Opening connection {}->http://localhost:19033
2018-03-27 23:11:27,444 - org.apache.http.impl.conn.HttpClientConnectionOperator -DEBUG - Connecting to localhost/127.0.0.1:19033
2018-03-27 23:11:27,445 - org.apache.http.impl.conn.HttpClientConnectionOperator -DEBUG - Connection established 127.0.0.1:51557<->127.0.0.1:19033
2018-03-27 23:11:27,446 - org.apache.http.impl.execchain.MainClientExec -DEBUG - Executing request POST /session HTTP/1.1
2018-03-27 23:11:27,446 - org.apache.http.impl.execchain.MainClientExec -DEBUG - Target auth state: UNCHALLENGED
2018-03-27 23:11:27,446 - org.apache.http.impl.execchain.MainClientExec -DEBUG - Proxy auth state: UNCHALLENGED
2018-03-27 23:11:27,448 - org.apache.http.headers -DEBUG - http-outgoing-0 >> POST /session HTTP/1.1
2018-03-27 23:11:27,448 - org.apache.http.headers -DEBUG - http-outgoing-0 >> Content-Type: application/json; charset=utf-8
2018-03-27 23:11:27,448 - org.apache.http.headers -DEBUG - http-outgoing-0 >> Content-Length: 868
2018-03-27 23:11:27,448 - org.apache.http.headers -DEBUG - http-outgoing-0 >> Host: localhost:19033
2018-03-27 23:11:27,448 - org.apache.http.headers -DEBUG - http-outgoing-0 >> Connection: Keep-Alive
2018-03-27 23:11:27,448 - org.apache.http.headers -DEBUG - http-outgoing-0 >> User-Agent: Apache-HttpClient/4.3.6 (java 1.5)
2018-03-27 23:11:27,448 - org.apache.http.headers -DEBUG - http-outgoing-0 >> Accept-Encoding: gzip,deflate
2018-03-27 23:11:27,448 - org.apache.http.wire -DEBUG - http-outgoing-0 >> "POST /session HTTP/1.1[\r][\n]"
2018-03-27 23:11:27,448 - org.apache.http.wire -DEBUG - http-outgoing-0 >> "Content-Type: application/json; charset=utf-8[\r][\n]"
2018-03-27 23:11:27,448 - org.apache.http.wire -DEBUG - http-outgoing-0 >> "Content-Length: 868[\r][\n]"
2018-03-27 23:11:27,448 - org.apache.http.wire -DEBUG - http-outgoing-0 >> "Host: localhost:19033[\r][\n]"
2018-03-27 23:11:27,449 - org.apache.http.wire -DEBUG - http-outgoing-0 >> "Connection: Keep-Alive[\r][\n]"
2018-03-27 23:11:27,449 - org.apache.http.wire -DEBUG - http-outgoing-0 >> "User-Agent: Apache-HttpClient/4.3.6 (java 1.5)[\r][\n]"
2018-03-27 23:11:27,449 - org.apache.http.wire -DEBUG - http-outgoing-0 >> "Accept-Encoding: gzip,deflate[\r][\n]"
2018-03-27 23:11:27,449 - org.apache.http.wire -DEBUG - http-outgoing-0 >> "[\r][\n]"
2018-03-27 23:11:27,449 - org.apache.http.wire -DEBUG - http-outgoing-0 >> "{[\n]"
2018-03-27 23:11:27,449 - org.apache.http.wire -DEBUG - http-outgoing-0 >> "  "desiredCapabilities": {[\n]"
2018-03-27 23:11:27,449 - org.apache.http.wire -DEBUG - http-outgoing-0 >> "    "browserName": "chrome",[\n]"
2018-03-27 23:11:27,449 - org.apache.http.wire -DEBUG - http-outgoing-0 >> "    "chromeOptions": {[\n]"
2018-03-27 23:11:27,449 - org.apache.http.wire -DEBUG - http-outgoing-0 >> "      "args": [[\n]"
2018-03-27 23:11:27,449 - org.apache.http.wire -DEBUG - http-outgoing-0 >> "        "--disable-infobars"[\n]"
2018-03-27 23:11:27,449 - org.apache.http.wire -DEBUG - http-outgoing-0 >> "      ],[\n]"
2018-03-27 23:11:27,449 - org.apache.http.wire -DEBUG - http-outgoing-0 >> "      "extensions": [],[\n]"
2018-03-27 23:11:27,449 - org.apache.http.wire -DEBUG - http-outgoing-0 >> "      "prefs": {[\n]"
2018-03-27 23:11:27,449 - org.apache.http.wire -DEBUG - http-outgoing-0 >> "        "download.default_directory": "/Users/dipika.das/Documents/Test022/DownloadedFiles"[\n]"
2018-03-27 23:11:27,449 - org.apache.http.wire -DEBUG - http-outgoing-0 >> "      }[\n]"
2018-03-27 23:11:27,449 - org.apache.http.wire -DEBUG - http-outgoing-0 >> "    },[\n]"
2018-03-27 23:11:27,449 - org.apache.http.wire -DEBUG - http-outgoing-0 >> "    "version": "",[\n]"
2018-03-27 23:11:27,449 - org.apache.http.wire -DEBUG - http-outgoing-0 >> "    "platform": "ANY"[\n]"
2018-03-27 23:11:27,449 - org.apache.http.wire -DEBUG - http-outgoing-0 >> "  },[\n]"
2018-03-27 23:11:27,449 - org.apache.http.wire -DEBUG - http-outgoing-0 >> "  "requiredCapabilities": {},[\n]"
2018-03-27 23:11:27,449 - org.apache.http.wire -DEBUG - http-outgoing-0 >> "  "capabilities": {[\n]"
2018-03-27 23:11:27,449 - org.apache.http.wire -DEBUG - http-outgoing-0 >> "    "desiredCapabilities": {[\n]"
2018-03-27 23:11:27,449 - org.apache.http.wire -DEBUG - http-outgoing-0 >> "      "browserName": "chrome",[\n]"
2018-03-27 23:11:27,449 - org.apache.http.wire -DEBUG - http-outgoing-0 >> "      "chromeOptions": {[\n]"
2018-03-27 23:11:27,449 - org.apache.http.wire -DEBUG - http-outgoing-0 >> "        "args": [[\n]"
2018-03-27 23:11:27,449 - org.apache.http.wire -DEBUG - http-outgoing-0 >> "          "--disable-infobars"[\n]"
2018-03-27 23:11:27,450 - org.apache.http.wire -DEBUG - http-outgoing-0 >> "        ],[\n]"
2018-03-27 23:11:27,450 - org.apache.http.wire -DEBUG - http-outgoing-0 >> "        "extensions": [],[\n]"
2018-03-27 23:11:27,450 - org.apache.http.wire -DEBUG - http-outgoing-0 >> "        "prefs": {[\n]"
2018-03-27 23:11:27,450 - org.apache.http.wire -DEBUG - http-outgoing-0 >> "          "download.default_directory": "/Users/dipika.das/Documents/Test022/DownloadedFiles"[\n]"
2018-03-27 23:11:27,450 - org.apache.http.wire -DEBUG - http-outgoing-0 >> "        }[\n]"
2018-03-27 23:11:27,450 - org.apache.http.wire -DEBUG - http-outgoing-0 >> "      },[\n]"
2018-03-27 23:11:27,450 - org.apache.http.wire -DEBUG - http-outgoing-0 >> "      "version": "",[\n]"
2018-03-27 23:11:27,450 - org.apache.http.wire -DEBUG - http-outgoing-0 >> "      "platform": "ANY"[\n]"
2018-03-27 23:11:27,450 - org.apache.http.wire -DEBUG - http-outgoing-0 >> "    },[\n]"
2018-03-27 23:11:27,450 - org.apache.http.wire -DEBUG - http-outgoing-0 >> "    "requiredCapabilities": {},[\n]"
2018-03-27 23:11:27,450 - org.apache.http.wire -DEBUG - http-outgoing-0 >> "    "alwaysMatch": {},[\n]"
2018-03-27 23:11:27,450 - org.apache.http.wire -DEBUG - http-outgoing-0 >> "    "firstMatch": [[\n]"
2018-03-27 23:11:27,450 - org.apache.http.wire -DEBUG - http-outgoing-0 >> "      {[\n]"
2018-03-27 23:11:27,450 - org.apache.http.wire -DEBUG - http-outgoing-0 >> "        "browserName": "chrome"[\n]"
2018-03-27 23:11:27,450 - org.apache.http.wire -DEBUG - http-outgoing-0 >> "      }[\n]"
2018-03-27 23:11:27,450 - org.apache.http.wire -DEBUG - http-outgoing-0 >> "    ][\n]"
2018-03-27 23:11:27,450 - org.apache.http.wire -DEBUG - http-outgoing-0 >> "  }[\n]"
2018-03-27 23:11:27,450 - org.apache.http.wire -DEBUG - http-outgoing-0 >> "}"
2018-03-27 23:11:28,376 - org.apache.http.wire -DEBUG - http-outgoing-0 << "HTTP/1.1 200 OK[\r][\n]"
2018-03-27 23:11:28,376 - org.apache.http.wire -DEBUG - http-outgoing-0 << "Content-Length:270[\r][\n]"
2018-03-27 23:11:28,376 - org.apache.http.wire -DEBUG - http-outgoing-0 << "Content-Type:application/json; charset=utf-8[\r][\n]"
2018-03-27 23:11:28,376 - org.apache.http.wire -DEBUG - http-outgoing-0 << "[\r][\n]"
2018-03-27 23:11:28,376 - org.apache.http.wire -DEBUG - http-outgoing-0 << "{"sessionId":"bfdec3e5ab2874bf20f81775a654f392","status":33,"value":{"message":"session not created exception: Chrome version must be >= 64.0.3282.0\n  (Driver info: chromedriver=2.37.544337 (8c0344a12e552148c185f7d5117db1f28d6c9e85),platform=Mac OS X 10.10.5 x86_64)"}}"
2018-03-27 23:11:28,383 - org.apache.http.headers -DEBUG - http-outgoing-0 << HTTP/1.1 200 OK
2018-03-27 23:11:28,383 - org.apache.http.headers -DEBUG - http-outgoing-0 << Content-Length:270
2018-03-27 23:11:28,383 - org.apache.http.headers -DEBUG - http-outgoing-0 << Content-Type:application/json; charset=utf-8
2018-03-27 23:11:28,391 - org.apache.http.impl.execchain.MainClientExec -DEBUG - Connection can be kept alive indefinitely
2018-03-27 23:11:28,402 - org.apache.http.impl.conn.PoolingHttpClientConnectionManager -DEBUG - Connection [id: 0][route: {}->http://localhost:19033] can be kept alive indefinitely
2018-03-27 23:11:28,402 - org.apache.http.impl.conn.PoolingHttpClientConnectionManager -DEBUG - Connection released: [id: 0][route: {}->http://localhost:19033][total kept alive: 1; route allocated: 1 of 2000; total allocated: 1 of 2000]
